{"C:\\Users\\super\\OneDrive\\Área de Trabalho\\watchTest\\watchTestBackend\\src\\db.ts": {"path":"C:\\Users\\super\\OneDrive\\Área de Trabalho\\watchTest\\watchTestBackend\\src\\db.ts","statementMap":{"0":{"start":{"line":1,"column":0},"end":{"line":1,"column":25}},"1":{"start":{"line":2,"column":0},"end":{"line":2,"column":22}},"2":{"start":{"line":4,"column":13},"end":{"line":10,"column":2}},"3":{"start":{"line":12,"column":21},"end":{"line":12,"column":79}},"4":{"start":{"line":12,"column":55},"end":{"line":12,"column":79}},"5":{"start":{"line":12,"column":13},"end":{"line":12,"column":21}}},"fnMap":{"0":{"name":"(anonymous_0)","decl":{"start":{"line":12,"column":21},"end":{"line":12,"column":22}},"loc":{"start":{"line":12,"column":55},"end":{"line":12,"column":79}}}},"branchMap":{"0":{"loc":{"start":{"line":9,"column":17},"end":{"line":9,"column":46}},"type":"binary-expr","locations":[{"start":{"line":9,"column":17},"end":{"line":9,"column":36}},{"start":{"line":9,"column":40},"end":{"line":9,"column":46}}]}},"s":{"0":3,"1":3,"2":3,"3":3,"4":13,"5":3},"f":{"0":13},"b":{"0":[3,0]}}
,"C:\\Users\\super\\OneDrive\\Área de Trabalho\\watchTest\\watchTestBackend\\src\\routes\\auth.routes.ts": {"path":"C:\\Users\\super\\OneDrive\\Área de Trabalho\\watchTest\\watchTestBackend\\src\\routes\\auth.routes.ts","statementMap":{"0":{"start":{"line":4,"column":0},"end":{"line":4,"column":22}},"1":{"start":{"line":2,"column":0},"end":{"line":2,"column":66}},"2":{"start":{"line":5,"column":24},"end":{"line":5,"column":41}},"3":{"start":{"line":7,"column":4},"end":{"line":15,"column":7}},"4":{"start":{"line":7,"column":76},"end":{"line":15,"column":6}},"5":{"start":{"line":8,"column":8},"end":{"line":14,"column":9}},"6":{"start":{"line":9,"column":25},"end":{"line":9,"column":65}},"7":{"start":{"line":10,"column":26},"end":{"line":10,"column":103}},"8":{"start":{"line":11,"column":12},"end":{"line":11,"column":35}},"9":{"start":{"line":13,"column":12},"end":{"line":13,"column":69}},"10":{"start":{"line":17,"column":4},"end":{"line":26,"column":7}},"11":{"start":{"line":17,"column":109},"end":{"line":26,"column":6}},"12":{"start":{"line":18,"column":8},"end":{"line":25,"column":9}},"13":{"start":{"line":19,"column":50},"end":{"line":19,"column":62}},"14":{"start":{"line":20,"column":25},"end":{"line":20,"column":75}},"15":{"start":{"line":21,"column":26},"end":{"line":21,"column":103}},"16":{"start":{"line":22,"column":12},"end":{"line":22,"column":35}},"17":{"start":{"line":24,"column":12},"end":{"line":24,"column":69}},"18":{"start":{"line":29,"column":4},"end":{"line":34,"column":7}},"19":{"start":{"line":31,"column":42},"end":{"line":33,"column":null}},"20":{"start":{"line":32,"column":12},"end":{"line":32,"column":32}}},"fnMap":{"0":{"name":"authRoutes","decl":{"start":{"line":4,"column":22},"end":{"line":4,"column":32}},"loc":{"start":{"line":4,"column":57},"end":{"line":35,"column":null}}},"1":{"name":"(anonymous_9)","decl":{"start":{"line":7,"column":51},"end":{"line":7,"column":58}},"loc":{"start":{"line":7,"column":76},"end":{"line":15,"column":6}}},"2":{"name":"(anonymous_10)","decl":{"start":{"line":7,"column":76},"end":{"line":7,"column":null}},"loc":{"start":{"line":7,"column":76},"end":{"line":15,"column":5}}},"3":{"name":"(anonymous_11)","decl":{"start":{"line":17,"column":84},"end":{"line":17,"column":91}},"loc":{"start":{"line":17,"column":109},"end":{"line":26,"column":6}}},"4":{"name":"(anonymous_12)","decl":{"start":{"line":17,"column":109},"end":{"line":17,"column":null}},"loc":{"start":{"line":17,"column":109},"end":{"line":26,"column":5}}},"5":{"name":"(anonymous_13)","decl":{"start":{"line":31,"column":17},"end":{"line":31,"column":24}},"loc":{"start":{"line":31,"column":42},"end":{"line":33,"column":null}}},"6":{"name":"(anonymous_14)","decl":{"start":{"line":31,"column":42},"end":{"line":31,"column":null}},"loc":{"start":{"line":31,"column":42},"end":{"line":33,"column":9}}}},"branchMap":{},"s":{"0":2,"1":2,"2":2,"3":2,"4":4,"5":4,"6":4,"7":2,"8":2,"9":2,"10":2,"11":4,"12":4,"13":4,"14":4,"15":2,"16":2,"17":2,"18":2,"19":2,"20":2},"f":{"0":2,"1":4,"2":4,"3":4,"4":4,"5":2,"6":2},"b":{}}
,"C:\\Users\\super\\OneDrive\\Área de Trabalho\\watchTest\\watchTestBackend\\src\\routes\\todos.ts": {"path":"C:\\Users\\super\\OneDrive\\Área de Trabalho\\watchTest\\watchTestBackend\\src\\routes\\todos.ts","statementMap":{"0":{"start":{"line":5,"column":0},"end":{"line":5,"column":31}},"1":{"start":{"line":2,"column":0},"end":{"line":2,"column":29}},"2":{"start":{"line":3,"column":0},"end":{"line":3,"column":56}},"3":{"start":{"line":6,"column":2},"end":{"line":6,"column":53}},"4":{"start":{"line":8,"column":2},"end":{"line":14,"column":5}},"5":{"start":{"line":8,"column":42},"end":{"line":14,"column":4}},"6":{"start":{"line":9,"column":21},"end":{"line":11,"column":null}},"7":{"start":{"line":13,"column":4},"end":{"line":13,"column":16}},"8":{"start":{"line":16,"column":2},"end":{"line":28,"column":5}},"9":{"start":{"line":16,"column":71},"end":{"line":28,"column":4}},"10":{"start":{"line":17,"column":21},"end":{"line":17,"column":33}},"11":{"start":{"line":18,"column":21},"end":{"line":20,"column":null}},"12":{"start":{"line":23,"column":20},"end":{"line":23,"column":27}},"13":{"start":{"line":25,"column":4},"end":{"line":25,"column":68}},"14":{"start":{"line":27,"column":4},"end":{"line":27,"column":19}},"15":{"start":{"line":30,"column":2},"end":{"line":54,"column":5}},"16":{"start":{"line":30,"column":84},"end":{"line":54,"column":4}},"17":{"start":{"line":31,"column":21},"end":{"line":33,"column":null}},"18":{"start":{"line":36,"column":4},"end":{"line":39,"column":5}},"19":{"start":{"line":37,"column":6},"end":{"line":37,"column":58}},"20":{"start":{"line":38,"column":6},"end":{"line":38,"column":13}},"21":{"start":{"line":41,"column":4},"end":{"line":44,"column":5}},"22":{"start":{"line":42,"column":6},"end":{"line":42,"column":78}},"23":{"start":{"line":43,"column":6},"end":{"line":43,"column":13}},"24":{"start":{"line":46,"column":4},"end":{"line":49,"column":7}},"25":{"start":{"line":51,"column":4},"end":{"line":51,"column":88}},"26":{"start":{"line":53,"column":4},"end":{"line":53,"column":29}}},"fnMap":{"0":{"name":"default_1","decl":{"start":{"line":5,"column":0},"end":{"line":5,"column":31}},"loc":{"start":{"line":5,"column":55},"end":{"line":55,"column":null}}},"1":{"name":"(anonymous_9)","decl":{"start":{"line":8,"column":24},"end":{"line":8,"column":31}},"loc":{"start":{"line":8,"column":42},"end":{"line":14,"column":4}}},"2":{"name":"(anonymous_10)","decl":{"start":{"line":8,"column":42},"end":{"line":8,"column":null}},"loc":{"start":{"line":8,"column":42},"end":{"line":14,"column":3}}},"3":{"name":"(anonymous_11)","decl":{"start":{"line":16,"column":53},"end":{"line":16,"column":60}},"loc":{"start":{"line":16,"column":71},"end":{"line":28,"column":4}}},"4":{"name":"(anonymous_12)","decl":{"start":{"line":16,"column":71},"end":{"line":16,"column":null}},"loc":{"start":{"line":16,"column":71},"end":{"line":28,"column":3}}},"5":{"name":"(anonymous_13)","decl":{"start":{"line":30,"column":59},"end":{"line":30,"column":66}},"loc":{"start":{"line":30,"column":84},"end":{"line":54,"column":4}}},"6":{"name":"(anonymous_14)","decl":{"start":{"line":30,"column":84},"end":{"line":30,"column":null}},"loc":{"start":{"line":30,"column":84},"end":{"line":54,"column":3}}}},"branchMap":{"0":{"loc":{"start":{"line":36,"column":4},"end":{"line":39,"column":5}},"type":"if","locations":[{"start":{"line":36,"column":4},"end":{"line":39,"column":5}}]},"1":{"loc":{"start":{"line":41,"column":4},"end":{"line":44,"column":5}},"type":"if","locations":[{"start":{"line":41,"column":4},"end":{"line":44,"column":5}}]}},"s":{"0":2,"1":2,"2":2,"3":2,"4":2,"5":3,"6":3,"7":2,"8":2,"9":3,"10":3,"11":3,"12":2,"13":2,"14":2,"15":2,"16":6,"17":6,"18":5,"19":2,"20":2,"21":3,"22":1,"23":1,"24":2,"25":2,"26":2},"f":{"0":2,"1":3,"2":3,"3":3,"4":3,"5":6,"6":6},"b":{"0":[2],"1":[1]}}
,"C:\\Users\\super\\OneDrive\\Área de Trabalho\\watchTest\\watchTestBackend\\src\\services\\auth.service.ts": {"path":"C:\\Users\\super\\OneDrive\\Área de Trabalho\\watchTest\\watchTestBackend\\src\\services\\auth.service.ts","statementMap":{"0":{"start":{"line":1,"column":0},"end":{"line":1,"column":28}},"1":{"start":{"line":2,"column":0},"end":{"line":2,"column":28}},"2":{"start":{"line":22,"column":12},"end":{"line":22,"column":28}},"3":{"start":{"line":25,"column":52},"end":{"line":25,"column":61}},"4":{"start":{"line":28,"column":29},"end":{"line":30,"column":null}},"5":{"start":{"line":33,"column":8},"end":{"line":35,"column":9}},"6":{"start":{"line":34,"column":12},"end":{"line":34,"column":51}},"7":{"start":{"line":38,"column":29},"end":{"line":38,"column":73}},"8":{"start":{"line":41,"column":23},"end":{"line":43,"column":null}},"9":{"start":{"line":46,"column":8},"end":{"line":46,"column":30}},"10":{"start":{"line":51,"column":23},"end":{"line":53,"column":null}},"11":{"start":{"line":56,"column":8},"end":{"line":58,"column":9}},"12":{"start":{"line":57,"column":12},"end":{"line":57,"column":51}},"13":{"start":{"line":60,"column":21},"end":{"line":60,"column":35}},"14":{"start":{"line":61,"column":30},"end":{"line":61,"column":80}},"15":{"start":{"line":63,"column":8},"end":{"line":65,"column":9}},"16":{"start":{"line":64,"column":12},"end":{"line":64,"column":51}},"17":{"start":{"line":68,"column":8},"end":{"line":68,"column":34}},"18":{"start":{"line":69,"column":8},"end":{"line":69,"column":20}},"19":{"start":{"line":21,"column":0},"end":{"line":21,"column":13}}},"fnMap":{"0":{"name":"(anonymous_17)","decl":{"start":{"line":21,"column":0},"end":{"line":21,"column":13}},"loc":{"start":{"line":21,"column":0},"end":{"line":71,"column":1}}},"1":{"name":"(anonymous_18)","decl":{"start":{"line":24,"column":10},"end":{"line":24,"column":18}},"loc":{"start":{"line":24,"column":39},"end":{"line":47,"column":null}}},"2":{"name":"(anonymous_20)","decl":{"start":{"line":49,"column":10},"end":{"line":49,"column":15}},"loc":{"start":{"line":49,"column":57},"end":{"line":70,"column":null}}}},"branchMap":{"0":{"loc":{"start":{"line":33,"column":8},"end":{"line":35,"column":9}},"type":"if","locations":[{"start":{"line":33,"column":8},"end":{"line":35,"column":9}}]},"1":{"loc":{"start":{"line":56,"column":8},"end":{"line":58,"column":9}},"type":"if","locations":[{"start":{"line":56,"column":8},"end":{"line":58,"column":9}}]},"2":{"loc":{"start":{"line":63,"column":8},"end":{"line":65,"column":9}},"type":"if","locations":[{"start":{"line":63,"column":8},"end":{"line":65,"column":9}}]}},"s":{"0":2,"1":2,"2":6,"3":4,"4":4,"5":4,"6":2,"7":2,"8":2,"9":2,"10":5,"11":5,"12":1,"13":4,"14":4,"15":4,"16":2,"17":2,"18":2,"19":2},"f":{"0":6,"1":4,"2":5},"b":{"0":[2],"1":[1],"2":[2]}}
,"C:\\Users\\super\\OneDrive\\Área de Trabalho\\watchTest\\watchTestBackend\\src\\services\\kafka.service.ts": {"path":"C:\\Users\\super\\OneDrive\\Área de Trabalho\\watchTest\\watchTestBackend\\src\\services\\kafka.service.ts","statementMap":{"0":{"start":{"line":1,"column":0},"end":{"line":1,"column":52}},"1":{"start":{"line":2,"column":0},"end":{"line":2,"column":23}},"2":{"start":{"line":5,"column":13},"end":{"line":8,"column":2}},"3":{"start":{"line":16,"column":8},"end":{"line":23,"column":11}},"4":{"start":{"line":25,"column":8},"end":{"line":25,"column":46}},"5":{"start":{"line":26,"column":8},"end":{"line":26,"column":71}},"6":{"start":{"line":30,"column":8},"end":{"line":59,"column":9}},"7":{"start":{"line":31,"column":12},"end":{"line":31,"column":42}},"8":{"start":{"line":32,"column":12},"end":{"line":32,"column":42}},"9":{"start":{"line":33,"column":12},"end":{"line":33,"column":46}},"10":{"start":{"line":36,"column":12},"end":{"line":36,"column":77}},"11":{"start":{"line":39,"column":12},"end":{"line":56,"column":15}},"12":{"start":{"line":40,"column":69},"end":{"line":55,"column":null}},"13":{"start":{"line":41,"column":20},"end":{"line":41,"column":47}},"14":{"start":{"line":41,"column":40},"end":{"line":41,"column":47}},"15":{"start":{"line":43,"column":38},"end":{"line":43,"column":74}},"16":{"start":{"line":44,"column":20},"end":{"line":44,"column":84}},"17":{"start":{"line":47,"column":20},"end":{"line":54,"column":21}},"18":{"start":{"line":49,"column":28},"end":{"line":49,"column":68}},"19":{"start":{"line":50,"column":28},"end":{"line":50,"column":34}},"20":{"start":{"line":52,"column":28},"end":{"line":52,"column":68}},"21":{"start":{"line":53,"column":28},"end":{"line":53,"column":34}},"22":{"start":{"line":58,"column":12},"end":{"line":58,"column":63}},"23":{"start":{"line":63,"column":8},"end":{"line":63,"column":41}},"24":{"start":{"line":64,"column":8},"end":{"line":64,"column":41}},"25":{"start":{"line":68,"column":8},"end":{"line":84,"column":9}},"26":{"start":{"line":69,"column":12},"end":{"line":81,"column":15}},"27":{"start":{"line":83,"column":12},"end":{"line":83,"column":73}},"28":{"start":{"line":88,"column":8},"end":{"line":104,"column":9}},"29":{"start":{"line":89,"column":12},"end":{"line":101,"column":15}},"30":{"start":{"line":103,"column":12},"end":{"line":103,"column":73}},"31":{"start":{"line":113,"column":8},"end":{"line":113,"column":48}},"32":{"start":{"line":118,"column":8},"end":{"line":118,"column":48}},"33":{"start":{"line":123,"column":13},"end":{"line":123,"column":47}},"34":{"start":{"line":126,"column":0},"end":{"line":126,"column":44}}},"fnMap":{"0":{"name":"(anonymous_7)","decl":{"start":{"line":15,"column":4},"end":{"line":15,"column":null}},"loc":{"start":{"line":15,"column":4},"end":{"line":27,"column":5}}},"1":{"name":"(anonymous_8)","decl":{"start":{"line":29,"column":10},"end":{"line":29,"column":17}},"loc":{"start":{"line":29,"column":17},"end":{"line":60,"column":null}}},"2":{"name":"(anonymous_10)","decl":{"start":{"line":40,"column":29},"end":{"line":40,"column":36}},"loc":{"start":{"line":40,"column":69},"end":{"line":55,"column":null}}},"3":{"name":"(anonymous_11)","decl":{"start":{"line":40,"column":69},"end":{"line":40,"column":null}},"loc":{"start":{"line":40,"column":65},"end":{"line":55,"column":17}}},"4":{"name":"(anonymous_12)","decl":{"start":{"line":62,"column":10},"end":{"line":62,"column":20}},"loc":{"start":{"line":62,"column":20},"end":{"line":65,"column":null}}},"5":{"name":"(anonymous_14)","decl":{"start":{"line":67,"column":10},"end":{"line":67,"column":28}},"loc":{"start":{"line":67,"column":54},"end":{"line":85,"column":null}}},"6":{"name":"(anonymous_16)","decl":{"start":{"line":87,"column":10},"end":{"line":87,"column":28}},"loc":{"start":{"line":87,"column":59},"end":{"line":105,"column":null}}},"7":{"name":"(anonymous_18)","decl":{"start":{"line":107,"column":18},"end":{"line":107,"column":35}},"loc":{"start":{"line":107,"column":50},"end":{"line":114,"column":null}}},"8":{"name":"(anonymous_20)","decl":{"start":{"line":116,"column":18},"end":{"line":116,"column":35}},"loc":{"start":{"line":116,"column":50},"end":{"line":119,"column":null}}}},"branchMap":{"0":{"loc":{"start":{"line":18,"column":23},"end":{"line":18,"column":67}},"type":"binary-expr","locations":[{"start":{"line":18,"column":23},"end":{"line":18,"column":47}},{"start":{"line":18,"column":51},"end":{"line":18,"column":67}}]},"1":{"loc":{"start":{"line":41,"column":20},"end":{"line":41,"column":47}},"type":"if","locations":[{"start":{"line":41,"column":20},"end":{"line":41,"column":47}}]},"2":{"loc":{"start":{"line":47,"column":20},"end":{"line":54,"column":21}},"type":"switch","locations":[{"start":{"line":48,"column":24},"end":{"line":50,"column":34}},{"start":{"line":51,"column":24},"end":{"line":53,"column":34}}]}},"s":{"0":2,"1":2,"2":2,"3":2,"4":2,"5":2,"6":5,"7":5,"8":4,"9":4,"10":4,"11":4,"12":1,"13":1,"14":0,"15":1,"16":1,"17":1,"18":1,"19":1,"20":0,"21":0,"22":1,"23":2,"24":2,"25":3,"26":3,"27":1,"28":3,"29":3,"30":1,"31":1,"32":0,"33":2,"34":2},"f":{"0":2,"1":5,"2":1,"3":1,"4":2,"5":3,"6":3,"7":1,"8":0},"b":{"0":[2,0],"1":[0],"2":[1,0]}}
}
