TN:
SF:src\db.ts
FN:12,(anonymous_0)
FNF:1
FNH:1
FNDA:13,(anonymous_0)
DA:1,3
DA:2,3
DA:4,3
DA:12,13
LF:4
LH:4
BRDA:9,0,0,3
BRDA:9,0,1,0
BRF:2
BRH:1
end_of_record
TN:
SF:src\routes\auth.routes.ts
FN:4,authRoutes
FN:7,(anonymous_9)
FN:7,(anonymous_10)
FN:17,(anonymous_11)
FN:17,(anonymous_12)
FN:31,(anonymous_13)
FN:31,(anonymous_14)
FNF:7
FNH:7
FNDA:2,authRoutes
FNDA:4,(anonymous_9)
FNDA:4,(anonymous_10)
FNDA:4,(anonymous_11)
FNDA:4,(anonymous_12)
FNDA:2,(anonymous_13)
FNDA:2,(anonymous_14)
DA:2,2
DA:4,2
DA:5,2
DA:7,4
DA:8,4
DA:9,4
DA:10,2
DA:11,2
DA:13,2
DA:17,4
DA:18,4
DA:19,4
DA:20,4
DA:21,2
DA:22,2
DA:24,2
DA:29,2
DA:31,2
DA:32,2
LF:19
LH:19
BRF:0
BRH:0
end_of_record
TN:
SF:src\routes\todos.ts
FN:5,default_1
FN:8,(anonymous_9)
FN:8,(anonymous_10)
FN:16,(anonymous_11)
FN:16,(anonymous_12)
FN:30,(anonymous_13)
FN:30,(anonymous_14)
FNF:7
FNH:7
FNDA:2,default_1
FNDA:3,(anonymous_9)
FNDA:3,(anonymous_10)
FNDA:3,(anonymous_11)
FNDA:3,(anonymous_12)
FNDA:6,(anonymous_13)
FNDA:6,(anonymous_14)
DA:2,2
DA:3,2
DA:5,2
DA:6,2
DA:8,3
DA:9,3
DA:13,2
DA:16,3
DA:17,3
DA:18,3
DA:23,2
DA:25,2
DA:27,2
DA:30,6
DA:31,6
DA:36,5
DA:37,2
DA:38,2
DA:41,3
DA:42,1
DA:43,1
DA:46,2
DA:51,2
DA:53,2
LF:24
LH:24
BRDA:36,0,0,2
BRDA:41,1,0,1
BRF:2
BRH:2
end_of_record
TN:
SF:src\services\auth.service.ts
FN:21,(anonymous_17)
FN:24,(anonymous_18)
FN:49,(anonymous_20)
FNF:3
FNH:3
FNDA:6,(anonymous_17)
FNDA:4,(anonymous_18)
FNDA:5,(anonymous_20)
DA:1,2
DA:2,2
DA:21,2
DA:22,6
DA:25,4
DA:28,4
DA:33,4
DA:34,2
DA:38,2
DA:41,2
DA:46,2
DA:51,5
DA:56,5
DA:57,1
DA:60,4
DA:61,4
DA:63,4
DA:64,2
DA:68,2
DA:69,2
LF:20
LH:20
BRDA:33,0,0,2
BRDA:56,1,0,1
BRDA:63,2,0,2
BRF:3
BRH:3
end_of_record
TN:
SF:src\services\kafka.service.ts
FN:15,(anonymous_7)
FN:29,(anonymous_8)
FN:40,(anonymous_10)
FN:40,(anonymous_11)
FN:62,(anonymous_12)
FN:67,(anonymous_14)
FN:87,(anonymous_16)
FN:107,(anonymous_18)
FN:116,(anonymous_20)
FNF:9
FNH:8
FNDA:2,(anonymous_7)
FNDA:5,(anonymous_8)
FNDA:1,(anonymous_10)
FNDA:1,(anonymous_11)
FNDA:2,(anonymous_12)
FNDA:3,(anonymous_14)
FNDA:3,(anonymous_16)
FNDA:1,(anonymous_18)
FNDA:0,(anonymous_20)
DA:1,2
DA:2,2
DA:5,2
DA:16,2
DA:25,2
DA:26,2
DA:30,5
DA:31,5
DA:32,4
DA:33,4
DA:36,4
DA:39,4
DA:40,1
DA:41,1
DA:43,1
DA:44,1
DA:47,1
DA:49,1
DA:50,1
DA:52,0
DA:53,0
DA:58,1
DA:63,2
DA:64,2
DA:68,3
DA:69,3
DA:83,1
DA:88,3
DA:89,3
DA:103,1
DA:113,1
DA:118,0
DA:123,2
DA:126,2
LF:34
LH:31
BRDA:18,0,0,2
BRDA:18,0,1,0
BRDA:41,1,0,0
BRDA:47,2,0,1
BRDA:47,2,1,0
BRF:5
BRH:2
end_of_record
